<?xml version="1.0" encoding="UTF-8"?>
<!-- Generated by org.testng.reporters.JUnitReportReporter -->
<testsuite hostname="THR012-QA" failures="0" tests="2" name="com.techbeamers.testing.SeleniumWebdriverTest" time="16.097" errors="0" timestamp="25 Apr 2019 16:21:06 GMT" skipped="0">
  <testcase classname="com.techbeamers.testing.SeleniumWebdriverTest" name="MySecondTestNGTestCase" time="7.426"/>
  <testcase classname="com.techbeamers.testing.SeleniumWebdriverTest" name="MyFirstTestNGTestCase" time="8.671"/>
</testsuite> <!-- com.techbeamers.testing.SeleniumWebdriverTest -->
